info: GET en /api/products -  18/7/2023 01:56:10 ::1
info: GET en /favicon.ico -  18/7/2023 01:56:10 ::1
info: GET en /api/products -  18/7/2023 01:56:20 ::1
info: listing on port 4000
info: listing on port 8080
info: GET en /session/logout -  18/7/2023 02:28:09 ::1
info: GET en /session/login -  18/7/2023 02:28:09 ::1
info: POST en /session/login -  18/7/2023 02:28:09 ::1
info: fedemerino00 logged in @ 18/7/2023 02:28:10
info: listing on port 8080
info: GET en /session/login -  27/7/2023 22:01:08 ::1
info: listing on port 8080
info: GET en /session/login -  27/7/2023 22:01:51 ::1
info: GET en /api/products/646127712f535d4715af83ba -  27/7/2023 22:02:03 ::1
info: GET en /api/products/646127712f535d4715af83ba -  27/7/2023 22:02:27 ::1
info: GET en /api/products -  27/7/2023 22:02:36 ::1
info: GET en /api/products -  27/7/2023 22:02:46 ::1
info: GET en /api/products/646127712f535d4715af83ba -  27/7/2023 22:02:47 ::1
info: GET en /session/login -  27/7/2023 22:03:15 ::1
info: POST en /session/login -  27/7/2023 22:03:21 ::1
info: fedemerino00 logged in @ 27/7/2023 22:03:21
info: GET en /session/logout -  27/7/2023 22:03:24 ::1
info: GET en /session/login -  27/7/2023 22:03:24 ::1
info: listing on port 8080
info: GET en /api/products/646127712f535d4715af83ba -  27/7/2023 22:43:47 ::1
info: GET en /session/login -  27/7/2023 19:58:08 ::1
